  [1m[35m (3.6ms)[0m  [1m[35mCREATE DATABASE "vehicle_records_api_development" ENCODING = 'unicode'[0m
  [1m[35m (0.8ms)[0m  [1m[35mCREATE DATABASE "vehicle_records_api_test" ENCODING = 'unicode'[0m
  [1m[35m (224.8ms)[0m  [1m[35mCREATE DATABASE "vehicle_records_api_development" ENCODING = 'unicode'[0m
  [1m[35m (139.3ms)[0m  [1m[35mCREATE DATABASE "vehicle_records_api_test" ENCODING = 'unicode'[0m
Started GET "/" for ::1 at 2023-09-05 15:11:24 -0500
Processing by Rails::WelcomeController#index as HTML
  Rendering /Users/dan/.rbenv/versions/3.2.2/lib/ruby/gems/3.2.0/gems/railties-7.0.7.2/lib/rails/templates/rails/welcome/index.html.erb
  Rendered /Users/dan/.rbenv/versions/3.2.2/lib/ruby/gems/3.2.0/gems/railties-7.0.7.2/lib/rails/templates/rails/welcome/index.html.erb (Duration: 4.6ms | Allocations: 634)
Completed 200 OK in 55ms (Views: 15.1ms | ActiveRecord: 0.0ms | Allocations: 7367)


  [1m[35m (13.1ms)[0m  [1m[35mCREATE TABLE "schema_migrations" ("version" character varying NOT NULL PRIMARY KEY)[0m
  [1m[35m (35.6ms)[0m  [1m[35mCREATE TABLE "ar_internal_metadata" ("key" character varying NOT NULL PRIMARY KEY, "value" character varying, "created_at" timestamp(6) NOT NULL, "updated_at" timestamp(6) NOT NULL)[0m
  [1m[36mActiveRecord::SchemaMigration Pluck (1.1ms)[0m  [1m[34mSELECT "schema_migrations"."version" FROM "schema_migrations" ORDER BY "schema_migrations"."version" ASC[0m
  [1m[35m (0.4ms)[0m  [1m[34mSELECT pg_try_advisory_lock(8515547032390274730)[0m
  [1m[36mActiveRecord::SchemaMigration Pluck (1.3ms)[0m  [1m[34mSELECT "schema_migrations"."version" FROM "schema_migrations" ORDER BY "schema_migrations"."version" ASC[0m
Migrating to CreateVehicles (20230905201511)
  [1m[36mTRANSACTION (0.2ms)[0m  [1m[35mBEGIN[0m
  [1m[35m (48.4ms)[0m  [1m[35mCREATE TABLE "vehicles" ("id" bigserial primary key, "year" integer, "make" character varying, "model" character varying, "created_at" timestamp(6) NOT NULL, "updated_at" timestamp(6) NOT NULL)[0m
  [1m[36mActiveRecord::SchemaMigration Create (0.9ms)[0m  [1m[32mINSERT INTO "schema_migrations" ("version") VALUES ($1) RETURNING "version"[0m  [["version", "20230905201511"]]
  [1m[36mTRANSACTION (41.1ms)[0m  [1m[35mCOMMIT[0m
Migrating to CreateFuels (20230905201633)
  [1m[36mTRANSACTION (42.6ms)[0m  [1m[35mBEGIN[0m
  [1m[35m (11.3ms)[0m  [1m[35mCREATE TABLE "fuels" ("id" bigserial primary key, "fill_date" date, "mileage" integer, "cost_per_gallon" decimal, "location" character varying, "gallons" decimal, "vehicle_id" bigint NOT NULL, "created_at" timestamp(6) NOT NULL, "updated_at" timestamp(6) NOT NULL, CONSTRAINT "fk_rails_a5bf479bf6"
FOREIGN KEY ("vehicle_id")
  REFERENCES "vehicles" ("id")
)[0m
  [1m[35m (1.2ms)[0m  [1m[35mCREATE INDEX "index_fuels_on_vehicle_id" ON "fuels" ("vehicle_id")[0m
  [1m[36mActiveRecord::SchemaMigration Create (0.6ms)[0m  [1m[32mINSERT INTO "schema_migrations" ("version") VALUES ($1) RETURNING "version"[0m  [["version", "20230905201633"]]
  [1m[36mTRANSACTION (0.5ms)[0m  [1m[35mCOMMIT[0m
Migrating to CreateUsers (20230905201656)
  [1m[36mTRANSACTION (24.8ms)[0m  [1m[35mBEGIN[0m
  [1m[35m (4.1ms)[0m  [1m[35mCREATE TABLE "users" ("id" bigserial primary key, "email" character varying, "name" character varying, "password_digest" character varying, "created_at" timestamp(6) NOT NULL, "updated_at" timestamp(6) NOT NULL)[0m
  [1m[36mActiveRecord::SchemaMigration Create (0.3ms)[0m  [1m[32mINSERT INTO "schema_migrations" ("version") VALUES ($1) RETURNING "version"[0m  [["version", "20230905201656"]]
  [1m[36mTRANSACTION (0.8ms)[0m  [1m[35mCOMMIT[0m
  [1m[36mActiveRecord::InternalMetadata Load (1.9ms)[0m  [1m[34mSELECT "ar_internal_metadata".* FROM "ar_internal_metadata" WHERE "ar_internal_metadata"."key" = $1 LIMIT $2[0m  [["key", "environment"], ["LIMIT", 1]]
  [1m[36mTRANSACTION (0.4ms)[0m  [1m[35mBEGIN[0m
  [1m[36mActiveRecord::InternalMetadata Create (0.9ms)[0m  [1m[32mINSERT INTO "ar_internal_metadata" ("key", "value", "created_at", "updated_at") VALUES ($1, $2, $3, $4) RETURNING "key"[0m  [["key", "environment"], ["value", "development"], ["created_at", "2023-09-05 20:19:46.987674"], ["updated_at", "2023-09-05 20:19:46.987674"]]
  [1m[36mTRANSACTION (2.3ms)[0m  [1m[35mCOMMIT[0m
  [1m[35m (0.5ms)[0m  [1m[34mSELECT pg_advisory_unlock(8515547032390274730)[0m
  [1m[36mActiveRecord::SchemaMigration Pluck (0.9ms)[0m  [1m[34mSELECT "schema_migrations"."version" FROM "schema_migrations" ORDER BY "schema_migrations"."version" ASC[0m
  [1m[36mActiveRecord::SchemaMigration Pluck (0.8ms)[0m  [1m[34mSELECT "schema_migrations"."version" FROM "schema_migrations" ORDER BY "schema_migrations"."version" ASC[0m
  [1m[36mActiveRecord::SchemaMigration Pluck (0.8ms)[0m  [1m[34mSELECT "schema_migrations"."version" FROM "schema_migrations" ORDER BY "schema_migrations"."version" ASC[0m
  [1m[36mActiveRecord::InternalMetadata Pluck (1.2ms)[0m  [1m[34mSELECT "ar_internal_metadata"."value" FROM "ar_internal_metadata" WHERE "ar_internal_metadata"."key" = $1 LIMIT $2[0m  [["key", "environment"], ["LIMIT", 1]]
  [1m[36mActiveRecord::SchemaMigration Pluck (0.2ms)[0m  [1m[34mSELECT "schema_migrations"."version" FROM "schema_migrations" ORDER BY "schema_migrations"."version" ASC[0m
  [1m[36mActiveRecord::InternalMetadata Pluck (0.4ms)[0m  [1m[34mSELECT "ar_internal_metadata"."value" FROM "ar_internal_metadata" WHERE "ar_internal_metadata"."key" = $1 LIMIT $2[0m  [["key", "environment"], ["LIMIT", 1]]
  [1m[36mActiveRecord::SchemaMigration Pluck (0.3ms)[0m  [1m[34mSELECT "schema_migrations"."version" FROM "schema_migrations" ORDER BY "schema_migrations"."version" ASC[0m
  [1m[36mActiveRecord::InternalMetadata Pluck (0.3ms)[0m  [1m[34mSELECT "ar_internal_metadata"."value" FROM "ar_internal_metadata" WHERE "ar_internal_metadata"."key" = $1 LIMIT $2[0m  [["key", "environment"], ["LIMIT", 1]]
  [1m[35m (103.1ms)[0m  [1m[35mDROP DATABASE IF EXISTS "vehicle_records_api_development"[0m
  [1m[35m (69.9ms)[0m  [1m[35mDROP DATABASE IF EXISTS "vehicle_records_api_test"[0m
  [1m[35m (158.4ms)[0m  [1m[35mCREATE DATABASE "vehicle_records_api_development" ENCODING = 'unicode'[0m
  [1m[35m (149.8ms)[0m  [1m[35mCREATE DATABASE "vehicle_records_api_test" ENCODING = 'unicode'[0m
  [1m[35mSQL (0.8ms)[0m  [1m[35mCREATE EXTENSION IF NOT EXISTS "plpgsql"[0m
  [1m[35m (0.7ms)[0m  [1m[35mDROP TABLE IF EXISTS "fuels" CASCADE[0m
  [1m[35m (11.6ms)[0m  [1m[35mCREATE TABLE "fuels" ("id" bigserial primary key, "fill_date" date, "mileage" integer, "cost_per_gallon" decimal, "location" character varying, "gallons" decimal, "vehicle_id" bigint NOT NULL, "created_at" timestamp(6) NOT NULL, "updated_at" timestamp(6) NOT NULL)[0m
  [1m[35m (1.6ms)[0m  [1m[35mCREATE INDEX "index_fuels_on_vehicle_id" ON "fuels" ("vehicle_id")[0m
  [1m[35m (0.3ms)[0m  [1m[35mDROP TABLE IF EXISTS "users" CASCADE[0m
  [1m[35m (6.6ms)[0m  [1m[35mCREATE TABLE "users" ("id" bigserial primary key, "email" character varying, "name" character varying, "password_digest" character varying, "created_at" timestamp(6) NOT NULL, "updated_at" timestamp(6) NOT NULL)[0m
  [1m[35m (0.8ms)[0m  [1m[35mDROP TABLE IF EXISTS "vehicles" CASCADE[0m
  [1m[35m (5.2ms)[0m  [1m[35mCREATE TABLE "vehicles" ("id" bigserial primary key, "year" integer, "make" character varying, "model" character varying, "created_at" timestamp(6) NOT NULL, "updated_at" timestamp(6) NOT NULL)[0m
  [1m[35m (4.8ms)[0m  [1m[35mALTER TABLE "fuels" ADD CONSTRAINT "fk_rails_a5bf479bf6"
FOREIGN KEY ("vehicle_id")
  REFERENCES "vehicles" ("id")
[0m
  [1m[35m (5.4ms)[0m  [1m[35mCREATE TABLE "schema_migrations" ("version" character varying NOT NULL PRIMARY KEY)[0m
  [1m[36mActiveRecord::SchemaMigration Pluck (0.7ms)[0m  [1m[34mSELECT "schema_migrations"."version" FROM "schema_migrations" ORDER BY "schema_migrations"."version" ASC[0m
  [1m[35m (1.0ms)[0m  [1m[32mINSERT INTO "schema_migrations" (version) VALUES (20230905201656)[0m
  [1m[35m (0.7ms)[0m  [1m[32mINSERT INTO "schema_migrations" (version) VALUES
(20230905201511),
(20230905201633);

[0m
  [1m[35m (3.3ms)[0m  [1m[35mCREATE TABLE "ar_internal_metadata" ("key" character varying NOT NULL PRIMARY KEY, "value" character varying, "created_at" timestamp(6) NOT NULL, "updated_at" timestamp(6) NOT NULL)[0m
  [1m[36mActiveRecord::InternalMetadata Load (1.3ms)[0m  [1m[34mSELECT "ar_internal_metadata".* FROM "ar_internal_metadata" WHERE "ar_internal_metadata"."key" = $1 LIMIT $2[0m  [["key", "environment"], ["LIMIT", 1]]
  [1m[36mTRANSACTION (0.3ms)[0m  [1m[35mBEGIN[0m
  [1m[36mActiveRecord::InternalMetadata Create (1.1ms)[0m  [1m[32mINSERT INTO "ar_internal_metadata" ("key", "value", "created_at", "updated_at") VALUES ($1, $2, $3, $4) RETURNING "key"[0m  [["key", "environment"], ["value", "development"], ["created_at", "2023-09-05 20:20:27.141238"], ["updated_at", "2023-09-05 20:20:27.141238"]]
  [1m[36mTRANSACTION (1.0ms)[0m  [1m[35mCOMMIT[0m
  [1m[36mActiveRecord::InternalMetadata Load (0.4ms)[0m  [1m[34mSELECT "ar_internal_metadata".* FROM "ar_internal_metadata" WHERE "ar_internal_metadata"."key" = $1 LIMIT $2[0m  [["key", "environment"], ["LIMIT", 1]]
  [1m[36mActiveRecord::InternalMetadata Load (0.5ms)[0m  [1m[34mSELECT "ar_internal_metadata".* FROM "ar_internal_metadata" WHERE "ar_internal_metadata"."key" = $1 LIMIT $2[0m  [["key", "schema_sha1"], ["LIMIT", 1]]
  [1m[36mTRANSACTION (0.2ms)[0m  [1m[35mBEGIN[0m
  [1m[36mActiveRecord::InternalMetadata Create (0.5ms)[0m  [1m[32mINSERT INTO "ar_internal_metadata" ("key", "value", "created_at", "updated_at") VALUES ($1, $2, $3, $4) RETURNING "key"[0m  [["key", "schema_sha1"], ["value", "74e4505908200c1a663a82c02c68d91e87cd4354"], ["created_at", "2023-09-05 20:20:27.160108"], ["updated_at", "2023-09-05 20:20:27.160108"]]
  [1m[36mTRANSACTION (0.6ms)[0m  [1m[35mCOMMIT[0m
  [1m[35mSQL (0.6ms)[0m  [1m[35mCREATE EXTENSION IF NOT EXISTS "plpgsql"[0m
  [1m[35m (0.5ms)[0m  [1m[35mDROP TABLE IF EXISTS "fuels" CASCADE[0m
  [1m[35m (13.8ms)[0m  [1m[35mCREATE TABLE "fuels" ("id" bigserial primary key, "fill_date" date, "mileage" integer, "cost_per_gallon" decimal, "location" character varying, "gallons" decimal, "vehicle_id" bigint NOT NULL, "created_at" timestamp(6) NOT NULL, "updated_at" timestamp(6) NOT NULL)[0m
  [1m[35m (2.8ms)[0m  [1m[35mCREATE INDEX "index_fuels_on_vehicle_id" ON "fuels" ("vehicle_id")[0m
  [1m[35m (0.4ms)[0m  [1m[35mDROP TABLE IF EXISTS "users" CASCADE[0m
  [1m[35m (4.9ms)[0m  [1m[35mCREATE TABLE "users" ("id" bigserial primary key, "email" character varying, "name" character varying, "password_digest" character varying, "created_at" timestamp(6) NOT NULL, "updated_at" timestamp(6) NOT NULL)[0m
  [1m[35m (0.4ms)[0m  [1m[35mDROP TABLE IF EXISTS "vehicles" CASCADE[0m
  [1m[35m (3.9ms)[0m  [1m[35mCREATE TABLE "vehicles" ("id" bigserial primary key, "year" integer, "make" character varying, "model" character varying, "created_at" timestamp(6) NOT NULL, "updated_at" timestamp(6) NOT NULL)[0m
  [1m[35m (2.9ms)[0m  [1m[35mALTER TABLE "fuels" ADD CONSTRAINT "fk_rails_a5bf479bf6"
FOREIGN KEY ("vehicle_id")
  REFERENCES "vehicles" ("id")
[0m
  [1m[35m (3.2ms)[0m  [1m[35mCREATE TABLE "schema_migrations" ("version" character varying NOT NULL PRIMARY KEY)[0m
  [1m[36mActiveRecord::SchemaMigration Pluck (0.9ms)[0m  [1m[34mSELECT "schema_migrations"."version" FROM "schema_migrations" ORDER BY "schema_migrations"."version" ASC[0m
  [1m[35m (1.1ms)[0m  [1m[32mINSERT INTO "schema_migrations" (version) VALUES (20230905201656)[0m
  [1m[35m (0.7ms)[0m  [1m[32mINSERT INTO "schema_migrations" (version) VALUES
(20230905201511),
(20230905201633);

[0m
  [1m[35m (7.2ms)[0m  [1m[35mCREATE TABLE "ar_internal_metadata" ("key" character varying NOT NULL PRIMARY KEY, "value" character varying, "created_at" timestamp(6) NOT NULL, "updated_at" timestamp(6) NOT NULL)[0m
  [1m[36mActiveRecord::InternalMetadata Load (0.8ms)[0m  [1m[34mSELECT "ar_internal_metadata".* FROM "ar_internal_metadata" WHERE "ar_internal_metadata"."key" = $1 LIMIT $2[0m  [["key", "environment"], ["LIMIT", 1]]
  [1m[36mTRANSACTION (0.3ms)[0m  [1m[35mBEGIN[0m
  [1m[36mActiveRecord::InternalMetadata Create (0.7ms)[0m  [1m[32mINSERT INTO "ar_internal_metadata" ("key", "value", "created_at", "updated_at") VALUES ($1, $2, $3, $4) RETURNING "key"[0m  [["key", "environment"], ["value", "development"], ["created_at", "2023-09-05 20:20:27.318132"], ["updated_at", "2023-09-05 20:20:27.318132"]]
  [1m[36mTRANSACTION (0.4ms)[0m  [1m[35mCOMMIT[0m
  [1m[36mActiveRecord::InternalMetadata Load (0.3ms)[0m  [1m[34mSELECT "ar_internal_metadata".* FROM "ar_internal_metadata" WHERE "ar_internal_metadata"."key" = $1 LIMIT $2[0m  [["key", "environment"], ["LIMIT", 1]]
  [1m[36mTRANSACTION (0.2ms)[0m  [1m[35mBEGIN[0m
  [1m[36mActiveRecord::InternalMetadata Update (0.5ms)[0m  [1m[33mUPDATE "ar_internal_metadata" SET "value" = $1, "updated_at" = $2 WHERE "ar_internal_metadata"."key" = $3[0m  [["value", "test"], ["updated_at", "2023-09-05 20:20:27.326575"], ["key", "environment"]]
  [1m[36mTRANSACTION (0.5ms)[0m  [1m[35mCOMMIT[0m
  [1m[36mActiveRecord::InternalMetadata Load (0.3ms)[0m  [1m[34mSELECT "ar_internal_metadata".* FROM "ar_internal_metadata" WHERE "ar_internal_metadata"."key" = $1 LIMIT $2[0m  [["key", "schema_sha1"], ["LIMIT", 1]]
  [1m[36mTRANSACTION (0.2ms)[0m  [1m[35mBEGIN[0m
  [1m[36mActiveRecord::InternalMetadata Create (0.4ms)[0m  [1m[32mINSERT INTO "ar_internal_metadata" ("key", "value", "created_at", "updated_at") VALUES ($1, $2, $3, $4) RETURNING "key"[0m  [["key", "schema_sha1"], ["value", "74e4505908200c1a663a82c02c68d91e87cd4354"], ["created_at", "2023-09-05 20:20:27.335819"], ["updated_at", "2023-09-05 20:20:27.335819"]]
  [1m[36mTRANSACTION (0.6ms)[0m  [1m[35mCOMMIT[0m
  [1m[36mActiveRecord::SchemaMigration Pluck (0.9ms)[0m  [1m[34mSELECT "schema_migrations"."version" FROM "schema_migrations" ORDER BY "schema_migrations"."version" ASC[0m
  [1m[36mTRANSACTION (0.2ms)[0m  [1m[35mBEGIN[0m
  [1m[36mVehicle Create (0.8ms)[0m  [1m[32mINSERT INTO "vehicles" ("year", "make", "model", "created_at", "updated_at") VALUES ($1, $2, $3, $4, $5) RETURNING "id"[0m  [["year", 2013], ["make", "Ford"], ["model", "Explorer"], ["created_at", "2023-09-05 20:20:27.436404"], ["updated_at", "2023-09-05 20:20:27.436404"]]
  [1m[36mTRANSACTION (1.9ms)[0m  [1m[35mCOMMIT[0m
  [1m[36mTRANSACTION (0.2ms)[0m  [1m[35mBEGIN[0m
  [1m[36mVehicle Create (0.5ms)[0m  [1m[32mINSERT INTO "vehicles" ("year", "make", "model", "created_at", "updated_at") VALUES ($1, $2, $3, $4, $5) RETURNING "id"[0m  [["year", 2009], ["make", "Saturn"], ["model", "Vue XE"], ["created_at", "2023-09-05 20:20:27.442822"], ["updated_at", "2023-09-05 20:20:27.442822"]]
  [1m[36mTRANSACTION (0.6ms)[0m  [1m[35mCOMMIT[0m
  [1m[36mTRANSACTION (2.1ms)[0m  [1m[35mBEGIN[0m
  [1m[36mVehicle Load (0.4ms)[0m  [1m[34mSELECT "vehicles".* FROM "vehicles" WHERE "vehicles"."id" = $1 LIMIT $2[0m  [["id", 2], ["LIMIT", 1]]
  [1m[36mFuel Create (1.2ms)[0m  [1m[32mINSERT INTO "fuels" ("fill_date", "mileage", "cost_per_gallon", "location", "gallons", "vehicle_id", "created_at", "updated_at") VALUES ($1, $2, $3, $4, $5, $6, $7, $8) RETURNING "id"[0m  [["fill_date", "2023-06-20"], ["mileage", 81000], ["cost_per_gallon", "3.85"], ["location", "RLB Meijer"], ["gallons", "14.78"], ["vehicle_id", 2], ["created_at", "2023-09-05 20:20:27.518340"], ["updated_at", "2023-09-05 20:20:27.518340"]]
  [1m[36mTRANSACTION (230.4ms)[0m  [1m[35mCOMMIT[0m
  [1m[36mTRANSACTION (0.1ms)[0m  [1m[35mBEGIN[0m
  [1m[36mVehicle Load (0.3ms)[0m  [1m[34mSELECT "vehicles".* FROM "vehicles" WHERE "vehicles"."id" = $1 LIMIT $2[0m  [["id", 1], ["LIMIT", 1]]
  [1m[36mFuel Create (0.9ms)[0m  [1m[32mINSERT INTO "fuels" ("fill_date", "mileage", "cost_per_gallon", "location", "gallons", "vehicle_id", "created_at", "updated_at") VALUES ($1, $2, $3, $4, $5, $6, $7, $8) RETURNING "id"[0m  [["fill_date", "2023-06-23"], ["mileage", 156105], ["cost_per_gallon", "3.75"], ["location", "NEX North Chicago"], ["gallons", "10.45"], ["vehicle_id", 1], ["created_at", "2023-09-05 20:20:27.757419"], ["updated_at", "2023-09-05 20:20:27.757419"]]
  [1m[36mTRANSACTION (6.1ms)[0m  [1m[35mCOMMIT[0m
  [1m[36mTRANSACTION (0.2ms)[0m  [1m[35mBEGIN[0m
  [1m[36mVehicle Load (0.2ms)[0m  [1m[34mSELECT "vehicles".* FROM "vehicles" WHERE "vehicles"."id" = $1 LIMIT $2[0m  [["id", 2], ["LIMIT", 1]]
  [1m[36mFuel Create (0.5ms)[0m  [1m[32mINSERT INTO "fuels" ("fill_date", "mileage", "cost_per_gallon", "location", "gallons", "vehicle_id", "created_at", "updated_at") VALUES ($1, $2, $3, $4, $5, $6, $7, $8) RETURNING "id"[0m  [["fill_date", "2023-07-04"], ["mileage", 81206], ["cost_per_gallon", "4.06"], ["location", "RLB Meijer"], ["gallons", "13.74"], ["vehicle_id", 2], ["created_at", "2023-09-05 20:20:27.771457"], ["updated_at", "2023-09-05 20:20:27.771457"]]
  [1m[36mTRANSACTION (0.5ms)[0m  [1m[35mCOMMIT[0m
  [1m[36mTRANSACTION (0.1ms)[0m  [1m[35mBEGIN[0m
  [1m[36mVehicle Load (0.3ms)[0m  [1m[34mSELECT "vehicles".* FROM "vehicles" WHERE "vehicles"."id" = $1 LIMIT $2[0m  [["id", 2], ["LIMIT", 1]]
  [1m[36mFuel Create (0.5ms)[0m  [1m[32mINSERT INTO "fuels" ("fill_date", "mileage", "cost_per_gallon", "location", "gallons", "vehicle_id", "created_at", "updated_at") VALUES ($1, $2, $3, $4, $5, $6, $7, $8) RETURNING "id"[0m  [["fill_date", "2023-07-10"], ["mileage", 81507], ["cost_per_gallon", "3.98"], ["location", "RLB Meijer"], ["gallons", "12.78"], ["vehicle_id", 2], ["created_at", "2023-09-05 20:20:27.778909"], ["updated_at", "2023-09-05 20:20:27.778909"]]
  [1m[36mTRANSACTION (0.5ms)[0m  [1m[35mCOMMIT[0m
  [1m[36mTRANSACTION (0.1ms)[0m  [1m[35mBEGIN[0m
  [1m[36mVehicle Load (0.3ms)[0m  [1m[34mSELECT "vehicles".* FROM "vehicles" WHERE "vehicles"."id" = $1 LIMIT $2[0m  [["id", 1], ["LIMIT", 1]]
  [1m[36mFuel Create (0.8ms)[0m  [1m[32mINSERT INTO "fuels" ("fill_date", "mileage", "cost_per_gallon", "location", "gallons", "vehicle_id", "created_at", "updated_at") VALUES ($1, $2, $3, $4, $5, $6, $7, $8) RETURNING "id"[0m  [["fill_date", "2023-07-19"], ["mileage", 156490], ["cost_per_gallon", "3.78"], ["location", "Shell Rt 83"], ["gallons", "10.56"], ["vehicle_id", 1], ["created_at", "2023-09-05 20:20:27.786857"], ["updated_at", "2023-09-05 20:20:27.786857"]]
  [1m[36mTRANSACTION (0.6ms)[0m  [1m[35mCOMMIT[0m
  [1m[36mTRANSACTION (0.3ms)[0m  [1m[35mBEGIN[0m
  [1m[36mVehicle Load (0.3ms)[0m  [1m[34mSELECT "vehicles".* FROM "vehicles" WHERE "vehicles"."id" = $1 LIMIT $2[0m  [["id", 1], ["LIMIT", 1]]
  [1m[36mFuel Create (0.6ms)[0m  [1m[32mINSERT INTO "fuels" ("fill_date", "mileage", "cost_per_gallon", "location", "gallons", "vehicle_id", "created_at", "updated_at") VALUES ($1, $2, $3, $4, $5, $6, $7, $8) RETURNING "id"[0m  [["fill_date", "2023-07-29"], ["mileage", 156980], ["cost_per_gallon", "4.09"], ["location", "Shell Rt 83"], ["gallons", "12.06"], ["vehicle_id", 1], ["created_at", "2023-09-05 20:20:27.796968"], ["updated_at", "2023-09-05 20:20:27.796968"]]
  [1m[36mTRANSACTION (0.5ms)[0m  [1m[35mCOMMIT[0m
  [1m[36mActiveRecord::SchemaMigration Pluck (1.2ms)[0m  [1m[34mSELECT "schema_migrations"."version" FROM "schema_migrations" ORDER BY "schema_migrations"."version" ASC[0m
  [1m[36mActiveRecord::InternalMetadata Pluck (0.4ms)[0m  [1m[34mSELECT "ar_internal_metadata"."value" FROM "ar_internal_metadata" WHERE "ar_internal_metadata"."key" = $1 LIMIT $2[0m  [["key", "environment"], ["LIMIT", 1]]
  [1m[36mActiveRecord::SchemaMigration Pluck (0.2ms)[0m  [1m[34mSELECT "schema_migrations"."version" FROM "schema_migrations" ORDER BY "schema_migrations"."version" ASC[0m
  [1m[36mActiveRecord::InternalMetadata Pluck (0.2ms)[0m  [1m[34mSELECT "ar_internal_metadata"."value" FROM "ar_internal_metadata" WHERE "ar_internal_metadata"."key" = $1 LIMIT $2[0m  [["key", "environment"], ["LIMIT", 1]]
  [1m[36mActiveRecord::SchemaMigration Pluck (0.3ms)[0m  [1m[34mSELECT "schema_migrations"."version" FROM "schema_migrations" ORDER BY "schema_migrations"."version" ASC[0m
  [1m[36mActiveRecord::InternalMetadata Pluck (0.3ms)[0m  [1m[34mSELECT "ar_internal_metadata"."value" FROM "ar_internal_metadata" WHERE "ar_internal_metadata"."key" = $1 LIMIT $2[0m  [["key", "environment"], ["LIMIT", 1]]
  [1m[35m (60.7ms)[0m  [1m[35mDROP DATABASE IF EXISTS "vehicle_records_api_development"[0m
  [1m[35m (59.0ms)[0m  [1m[35mDROP DATABASE IF EXISTS "vehicle_records_api_test"[0m
  [1m[35m (137.2ms)[0m  [1m[35mCREATE DATABASE "vehicle_records_api_development" ENCODING = 'unicode'[0m
  [1m[35m (141.0ms)[0m  [1m[35mCREATE DATABASE "vehicle_records_api_test" ENCODING = 'unicode'[0m
  [1m[35mSQL (0.8ms)[0m  [1m[35mCREATE EXTENSION IF NOT EXISTS "plpgsql"[0m
  [1m[35m (0.3ms)[0m  [1m[35mDROP TABLE IF EXISTS "fuels" CASCADE[0m
  [1m[35m (10.3ms)[0m  [1m[35mCREATE TABLE "fuels" ("id" bigserial primary key, "fill_date" date, "mileage" integer, "cost_per_gallon" decimal, "location" character varying, "gallons" decimal, "vehicle_id" bigint NOT NULL, "created_at" timestamp(6) NOT NULL, "updated_at" timestamp(6) NOT NULL)[0m
  [1m[35m (1.4ms)[0m  [1m[35mCREATE INDEX "index_fuels_on_vehicle_id" ON "fuels" ("vehicle_id")[0m
  [1m[35m (0.3ms)[0m  [1m[35mDROP TABLE IF EXISTS "users" CASCADE[0m
  [1m[35m (8.0ms)[0m  [1m[35mCREATE TABLE "users" ("id" bigserial primary key, "email" character varying, "name" character varying, "password_digest" character varying, "created_at" timestamp(6) NOT NULL, "updated_at" timestamp(6) NOT NULL)[0m
  [1m[35m (0.6ms)[0m  [1m[35mDROP TABLE IF EXISTS "vehicles" CASCADE[0m
  [1m[35m (5.3ms)[0m  [1m[35mCREATE TABLE "vehicles" ("id" bigserial primary key, "year" integer, "make" character varying, "model" character varying, "created_at" timestamp(6) NOT NULL, "updated_at" timestamp(6) NOT NULL)[0m
  [1m[35m (3.7ms)[0m  [1m[35mALTER TABLE "fuels" ADD CONSTRAINT "fk_rails_a5bf479bf6"
FOREIGN KEY ("vehicle_id")
  REFERENCES "vehicles" ("id")
[0m
  [1m[35m (4.6ms)[0m  [1m[35mCREATE TABLE "schema_migrations" ("version" character varying NOT NULL PRIMARY KEY)[0m
  [1m[36mActiveRecord::SchemaMigration Pluck (0.8ms)[0m  [1m[34mSELECT "schema_migrations"."version" FROM "schema_migrations" ORDER BY "schema_migrations"."version" ASC[0m
  [1m[35m (0.7ms)[0m  [1m[32mINSERT INTO "schema_migrations" (version) VALUES (20230905201656)[0m
  [1m[35m (1.0ms)[0m  [1m[32mINSERT INTO "schema_migrations" (version) VALUES
(20230905201511),
(20230905201633);

[0m
  [1m[35m (4.9ms)[0m  [1m[35mCREATE TABLE "ar_internal_metadata" ("key" character varying NOT NULL PRIMARY KEY, "value" character varying, "created_at" timestamp(6) NOT NULL, "updated_at" timestamp(6) NOT NULL)[0m
  [1m[36mActiveRecord::InternalMetadata Load (0.8ms)[0m  [1m[34mSELECT "ar_internal_metadata".* FROM "ar_internal_metadata" WHERE "ar_internal_metadata"."key" = $1 LIMIT $2[0m  [["key", "environment"], ["LIMIT", 1]]
  [1m[36mTRANSACTION (0.3ms)[0m  [1m[35mBEGIN[0m
  [1m[36mActiveRecord::InternalMetadata Create (0.8ms)[0m  [1m[32mINSERT INTO "ar_internal_metadata" ("key", "value", "created_at", "updated_at") VALUES ($1, $2, $3, $4) RETURNING "key"[0m  [["key", "environment"], ["value", "development"], ["created_at", "2023-09-05 20:31:23.209978"], ["updated_at", "2023-09-05 20:31:23.209978"]]
  [1m[36mTRANSACTION (0.7ms)[0m  [1m[35mCOMMIT[0m
  [1m[36mActiveRecord::InternalMetadata Load (0.6ms)[0m  [1m[34mSELECT "ar_internal_metadata".* FROM "ar_internal_metadata" WHERE "ar_internal_metadata"."key" = $1 LIMIT $2[0m  [["key", "environment"], ["LIMIT", 1]]
  [1m[36mActiveRecord::InternalMetadata Load (0.3ms)[0m  [1m[34mSELECT "ar_internal_metadata".* FROM "ar_internal_metadata" WHERE "ar_internal_metadata"."key" = $1 LIMIT $2[0m  [["key", "schema_sha1"], ["LIMIT", 1]]
  [1m[36mTRANSACTION (0.1ms)[0m  [1m[35mBEGIN[0m
  [1m[36mActiveRecord::InternalMetadata Create (0.4ms)[0m  [1m[32mINSERT INTO "ar_internal_metadata" ("key", "value", "created_at", "updated_at") VALUES ($1, $2, $3, $4) RETURNING "key"[0m  [["key", "schema_sha1"], ["value", "74e4505908200c1a663a82c02c68d91e87cd4354"], ["created_at", "2023-09-05 20:31:23.226808"], ["updated_at", "2023-09-05 20:31:23.226808"]]
  [1m[36mTRANSACTION (0.4ms)[0m  [1m[35mCOMMIT[0m
  [1m[35mSQL (0.6ms)[0m  [1m[35mCREATE EXTENSION IF NOT EXISTS "plpgsql"[0m
  [1m[35m (0.4ms)[0m  [1m[35mDROP TABLE IF EXISTS "fuels" CASCADE[0m
  [1m[35m (10.2ms)[0m  [1m[35mCREATE TABLE "fuels" ("id" bigserial primary key, "fill_date" date, "mileage" integer, "cost_per_gallon" decimal, "location" character varying, "gallons" decimal, "vehicle_id" bigint NOT NULL, "created_at" timestamp(6) NOT NULL, "updated_at" timestamp(6) NOT NULL)[0m
  [1m[35m (1.7ms)[0m  [1m[35mCREATE INDEX "index_fuels_on_vehicle_id" ON "fuels" ("vehicle_id")[0m
  [1m[35m (0.2ms)[0m  [1m[35mDROP TABLE IF EXISTS "users" CASCADE[0m
  [1m[35m (7.3ms)[0m  [1m[35mCREATE TABLE "users" ("id" bigserial primary key, "email" character varying, "name" character varying, "password_digest" character varying, "created_at" timestamp(6) NOT NULL, "updated_at" timestamp(6) NOT NULL)[0m
  [1m[35m (0.7ms)[0m  [1m[35mDROP TABLE IF EXISTS "vehicles" CASCADE[0m
  [1m[35m (5.7ms)[0m  [1m[35mCREATE TABLE "vehicles" ("id" bigserial primary key, "year" integer, "make" character varying, "model" character varying, "created_at" timestamp(6) NOT NULL, "updated_at" timestamp(6) NOT NULL)[0m
  [1m[35m (3.5ms)[0m  [1m[35mALTER TABLE "fuels" ADD CONSTRAINT "fk_rails_a5bf479bf6"
FOREIGN KEY ("vehicle_id")
  REFERENCES "vehicles" ("id")
[0m
  [1m[35m (4.4ms)[0m  [1m[35mCREATE TABLE "schema_migrations" ("version" character varying NOT NULL PRIMARY KEY)[0m
  [1m[36mActiveRecord::SchemaMigration Pluck (0.7ms)[0m  [1m[34mSELECT "schema_migrations"."version" FROM "schema_migrations" ORDER BY "schema_migrations"."version" ASC[0m
  [1m[35m (0.8ms)[0m  [1m[32mINSERT INTO "schema_migrations" (version) VALUES (20230905201656)[0m
  [1m[35m (0.4ms)[0m  [1m[32mINSERT INTO "schema_migrations" (version) VALUES
(20230905201511),
(20230905201633);

[0m
  [1m[35m (3.1ms)[0m  [1m[35mCREATE TABLE "ar_internal_metadata" ("key" character varying NOT NULL PRIMARY KEY, "value" character varying, "created_at" timestamp(6) NOT NULL, "updated_at" timestamp(6) NOT NULL)[0m
  [1m[36mActiveRecord::InternalMetadata Load (1.0ms)[0m  [1m[34mSELECT "ar_internal_metadata".* FROM "ar_internal_metadata" WHERE "ar_internal_metadata"."key" = $1 LIMIT $2[0m  [["key", "environment"], ["LIMIT", 1]]
  [1m[36mTRANSACTION (0.3ms)[0m  [1m[35mBEGIN[0m
  [1m[36mActiveRecord::InternalMetadata Create (2.1ms)[0m  [1m[32mINSERT INTO "ar_internal_metadata" ("key", "value", "created_at", "updated_at") VALUES ($1, $2, $3, $4) RETURNING "key"[0m  [["key", "environment"], ["value", "development"], ["created_at", "2023-09-05 20:31:23.378918"], ["updated_at", "2023-09-05 20:31:23.378918"]]
  [1m[36mTRANSACTION (0.5ms)[0m  [1m[35mCOMMIT[0m
  [1m[36mActiveRecord::InternalMetadata Load (0.4ms)[0m  [1m[34mSELECT "ar_internal_metadata".* FROM "ar_internal_metadata" WHERE "ar_internal_metadata"."key" = $1 LIMIT $2[0m  [["key", "environment"], ["LIMIT", 1]]
  [1m[36mTRANSACTION (0.2ms)[0m  [1m[35mBEGIN[0m
  [1m[36mActiveRecord::InternalMetadata Update (0.6ms)[0m  [1m[33mUPDATE "ar_internal_metadata" SET "value" = $1, "updated_at" = $2 WHERE "ar_internal_metadata"."key" = $3[0m  [["value", "test"], ["updated_at", "2023-09-05 20:31:23.390939"], ["key", "environment"]]
  [1m[36mTRANSACTION (0.6ms)[0m  [1m[35mCOMMIT[0m
  [1m[36mActiveRecord::InternalMetadata Load (0.4ms)[0m  [1m[34mSELECT "ar_internal_metadata".* FROM "ar_internal_metadata" WHERE "ar_internal_metadata"."key" = $1 LIMIT $2[0m  [["key", "schema_sha1"], ["LIMIT", 1]]
  [1m[36mTRANSACTION (0.2ms)[0m  [1m[35mBEGIN[0m
  [1m[36mActiveRecord::InternalMetadata Create (0.5ms)[0m  [1m[32mINSERT INTO "ar_internal_metadata" ("key", "value", "created_at", "updated_at") VALUES ($1, $2, $3, $4) RETURNING "key"[0m  [["key", "schema_sha1"], ["value", "74e4505908200c1a663a82c02c68d91e87cd4354"], ["created_at", "2023-09-05 20:31:23.399917"], ["updated_at", "2023-09-05 20:31:23.399917"]]
  [1m[36mTRANSACTION (0.5ms)[0m  [1m[35mCOMMIT[0m
  [1m[36mActiveRecord::SchemaMigration Pluck (1.2ms)[0m  [1m[34mSELECT "schema_migrations"."version" FROM "schema_migrations" ORDER BY "schema_migrations"."version" ASC[0m
  [1m[36mTRANSACTION (0.2ms)[0m  [1m[35mBEGIN[0m
  [1m[36mVehicle Create (1.0ms)[0m  [1m[32mINSERT INTO "vehicles" ("year", "make", "model", "created_at", "updated_at") VALUES ($1, $2, $3, $4, $5) RETURNING "id"[0m  [["year", 2013], ["make", "Ford"], ["model", "Explorer"], ["created_at", "2023-09-05 20:31:23.483903"], ["updated_at", "2023-09-05 20:31:23.483903"]]
  [1m[36mTRANSACTION (0.6ms)[0m  [1m[35mCOMMIT[0m
  [1m[36mTRANSACTION (0.2ms)[0m  [1m[35mBEGIN[0m
  [1m[36mVehicle Create (0.4ms)[0m  [1m[32mINSERT INTO "vehicles" ("year", "make", "model", "created_at", "updated_at") VALUES ($1, $2, $3, $4, $5) RETURNING "id"[0m  [["year", 2009], ["make", "Saturn"], ["model", "Vue XE"], ["created_at", "2023-09-05 20:31:23.489875"], ["updated_at", "2023-09-05 20:31:23.489875"]]
  [1m[36mTRANSACTION (0.8ms)[0m  [1m[35mCOMMIT[0m
  [1m[36mTRANSACTION (0.1ms)[0m  [1m[35mBEGIN[0m
  [1m[36mVehicle Load (0.3ms)[0m  [1m[34mSELECT "vehicles".* FROM "vehicles" WHERE "vehicles"."id" = $1 LIMIT $2[0m  [["id", 2], ["LIMIT", 1]]
  [1m[36mFuel Create (1.0ms)[0m  [1m[32mINSERT INTO "fuels" ("fill_date", "mileage", "cost_per_gallon", "location", "gallons", "vehicle_id", "created_at", "updated_at") VALUES ($1, $2, $3, $4, $5, $6, $7, $8) RETURNING "id"[0m  [["fill_date", "2023-06-20"], ["mileage", 81000], ["cost_per_gallon", "3.85"], ["location", "RLB Meijer"], ["gallons", "14.78"], ["vehicle_id", 2], ["created_at", "2023-09-05 20:31:23.530504"], ["updated_at", "2023-09-05 20:31:23.530504"]]
  [1m[36mTRANSACTION (0.5ms)[0m  [1m[35mCOMMIT[0m
  [1m[36mTRANSACTION (0.4ms)[0m  [1m[35mBEGIN[0m
  [1m[36mVehicle Load (0.6ms)[0m  [1m[34mSELECT "vehicles".* FROM "vehicles" WHERE "vehicles"."id" = $1 LIMIT $2[0m  [["id", 1], ["LIMIT", 1]]
  [1m[36mFuel Create (0.9ms)[0m  [1m[32mINSERT INTO "fuels" ("fill_date", "mileage", "cost_per_gallon", "location", "gallons", "vehicle_id", "created_at", "updated_at") VALUES ($1, $2, $3, $4, $5, $6, $7, $8) RETURNING "id"[0m  [["fill_date", "2023-06-23"], ["mileage", 156105], ["cost_per_gallon", "3.75"], ["location", "NEX North Chicago"], ["gallons", "10.45"], ["vehicle_id", 1], ["created_at", "2023-09-05 20:31:23.540980"], ["updated_at", "2023-09-05 20:31:23.540980"]]
  [1m[36mTRANSACTION (0.7ms)[0m  [1m[35mCOMMIT[0m
  [1m[36mTRANSACTION (0.2ms)[0m  [1m[35mBEGIN[0m
  [1m[36mVehicle Load (0.3ms)[0m  [1m[34mSELECT "vehicles".* FROM "vehicles" WHERE "vehicles"."id" = $1 LIMIT $2[0m  [["id", 2], ["LIMIT", 1]]
  [1m[36mFuel Create (0.5ms)[0m  [1m[32mINSERT INTO "fuels" ("fill_date", "mileage", "cost_per_gallon", "location", "gallons", "vehicle_id", "created_at", "updated_at") VALUES ($1, $2, $3, $4, $5, $6, $7, $8) RETURNING "id"[0m  [["fill_date", "2023-07-04"], ["mileage", 81206], ["cost_per_gallon", "4.06"], ["location", "RLB Meijer"], ["gallons", "13.74"], ["vehicle_id", 2], ["created_at", "2023-09-05 20:31:23.551392"], ["updated_at", "2023-09-05 20:31:23.551392"]]
  [1m[36mTRANSACTION (0.6ms)[0m  [1m[35mCOMMIT[0m
  [1m[36mTRANSACTION (0.2ms)[0m  [1m[35mBEGIN[0m
  [1m[36mVehicle Load (0.5ms)[0m  [1m[34mSELECT "vehicles".* FROM "vehicles" WHERE "vehicles"."id" = $1 LIMIT $2[0m  [["id", 2], ["LIMIT", 1]]
  [1m[36mFuel Create (0.8ms)[0m  [1m[32mINSERT INTO "fuels" ("fill_date", "mileage", "cost_per_gallon", "location", "gallons", "vehicle_id", "created_at", "updated_at") VALUES ($1, $2, $3, $4, $5, $6, $7, $8) RETURNING "id"[0m  [["fill_date", "2023-07-10"], ["mileage", 81507], ["cost_per_gallon", "3.98"], ["location", "RLB Meijer"], ["gallons", "12.78"], ["vehicle_id", 2], ["created_at", "2023-09-05 20:31:23.560401"], ["updated_at", "2023-09-05 20:31:23.560401"]]
  [1m[36mTRANSACTION (0.4ms)[0m  [1m[35mCOMMIT[0m
  [1m[36mTRANSACTION (0.2ms)[0m  [1m[35mBEGIN[0m
  [1m[36mVehicle Load (0.3ms)[0m  [1m[34mSELECT "vehicles".* FROM "vehicles" WHERE "vehicles"."id" = $1 LIMIT $2[0m  [["id", 1], ["LIMIT", 1]]
  [1m[36mFuel Create (0.6ms)[0m  [1m[32mINSERT INTO "fuels" ("fill_date", "mileage", "cost_per_gallon", "location", "gallons", "vehicle_id", "created_at", "updated_at") VALUES ($1, $2, $3, $4, $5, $6, $7, $8) RETURNING "id"[0m  [["fill_date", "2023-07-19"], ["mileage", 156490], ["cost_per_gallon", "3.78"], ["location", "Shell Rt 83"], ["gallons", "10.56"], ["vehicle_id", 1], ["created_at", "2023-09-05 20:31:23.567973"], ["updated_at", "2023-09-05 20:31:23.567973"]]
  [1m[36mTRANSACTION (0.4ms)[0m  [1m[35mCOMMIT[0m
  [1m[36mTRANSACTION (0.2ms)[0m  [1m[35mBEGIN[0m
  [1m[36mVehicle Load (0.2ms)[0m  [1m[34mSELECT "vehicles".* FROM "vehicles" WHERE "vehicles"."id" = $1 LIMIT $2[0m  [["id", 1], ["LIMIT", 1]]
  [1m[36mFuel Create (1.1ms)[0m  [1m[32mINSERT INTO "fuels" ("fill_date", "mileage", "cost_per_gallon", "location", "gallons", "vehicle_id", "created_at", "updated_at") VALUES ($1, $2, $3, $4, $5, $6, $7, $8) RETURNING "id"[0m  [["fill_date", "2023-07-29"], ["mileage", 156980], ["cost_per_gallon", "4.09"], ["location", "Shell Rt 83"], ["gallons", "12.06"], ["vehicle_id", 1], ["created_at", "2023-09-05 20:31:23.574969"], ["updated_at", "2023-09-05 20:31:23.574969"]]
  [1m[36mTRANSACTION (6.1ms)[0m  [1m[35mCOMMIT[0m
  [1m[36mActiveRecord::SchemaMigration Pluck (0.9ms)[0m  [1m[34mSELECT "schema_migrations"."version" FROM "schema_migrations" ORDER BY "schema_migrations"."version" ASC[0m
  [1m[36mActiveRecord::InternalMetadata Pluck (0.6ms)[0m  [1m[34mSELECT "ar_internal_metadata"."value" FROM "ar_internal_metadata" WHERE "ar_internal_metadata"."key" = $1 LIMIT $2[0m  [["key", "environment"], ["LIMIT", 1]]
  [1m[36mActiveRecord::SchemaMigration Pluck (0.4ms)[0m  [1m[34mSELECT "schema_migrations"."version" FROM "schema_migrations" ORDER BY "schema_migrations"."version" ASC[0m
  [1m[36mActiveRecord::InternalMetadata Pluck (0.3ms)[0m  [1m[34mSELECT "ar_internal_metadata"."value" FROM "ar_internal_metadata" WHERE "ar_internal_metadata"."key" = $1 LIMIT $2[0m  [["key", "environment"], ["LIMIT", 1]]
  [1m[36mActiveRecord::SchemaMigration Pluck (1.0ms)[0m  [1m[34mSELECT "schema_migrations"."version" FROM "schema_migrations" ORDER BY "schema_migrations"."version" ASC[0m
  [1m[36mActiveRecord::InternalMetadata Pluck (0.3ms)[0m  [1m[34mSELECT "ar_internal_metadata"."value" FROM "ar_internal_metadata" WHERE "ar_internal_metadata"."key" = $1 LIMIT $2[0m  [["key", "environment"], ["LIMIT", 1]]
  [1m[35m (65.3ms)[0m  [1m[35mDROP DATABASE IF EXISTS "vehicle_records_api_development"[0m
  [1m[35m (62.1ms)[0m  [1m[35mDROP DATABASE IF EXISTS "vehicle_records_api_test"[0m
  [1m[35m (197.0ms)[0m  [1m[35mCREATE DATABASE "vehicle_records_api_development" ENCODING = 'unicode'[0m
  [1m[35m (136.5ms)[0m  [1m[35mCREATE DATABASE "vehicle_records_api_test" ENCODING = 'unicode'[0m
  [1m[35mSQL (0.8ms)[0m  [1m[35mCREATE EXTENSION IF NOT EXISTS "plpgsql"[0m
  [1m[35m (0.5ms)[0m  [1m[35mDROP TABLE IF EXISTS "fuels" CASCADE[0m
  [1m[35m (13.0ms)[0m  [1m[35mCREATE TABLE "fuels" ("id" bigserial primary key, "fill_date" date, "mileage" integer, "cost_per_gallon" decimal, "location" character varying, "gallons" decimal, "vehicle_id" bigint NOT NULL, "created_at" timestamp(6) NOT NULL, "updated_at" timestamp(6) NOT NULL)[0m
  [1m[35m (1.6ms)[0m  [1m[35mCREATE INDEX "index_fuels_on_vehicle_id" ON "fuels" ("vehicle_id")[0m
  [1m[35m (0.4ms)[0m  [1m[35mDROP TABLE IF EXISTS "users" CASCADE[0m
  [1m[35m (5.5ms)[0m  [1m[35mCREATE TABLE "users" ("id" bigserial primary key, "email" character varying, "name" character varying, "password_digest" character varying, "created_at" timestamp(6) NOT NULL, "updated_at" timestamp(6) NOT NULL)[0m
  [1m[35m (0.8ms)[0m  [1m[35mDROP TABLE IF EXISTS "vehicles" CASCADE[0m
  [1m[35m (3.7ms)[0m  [1m[35mCREATE TABLE "vehicles" ("id" bigserial primary key, "year" integer, "make" character varying, "model" character varying, "created_at" timestamp(6) NOT NULL, "updated_at" timestamp(6) NOT NULL)[0m
  [1m[35m (2.9ms)[0m  [1m[35mALTER TABLE "fuels" ADD CONSTRAINT "fk_rails_a5bf479bf6"
FOREIGN KEY ("vehicle_id")
  REFERENCES "vehicles" ("id")
[0m
  [1m[35m (3.2ms)[0m  [1m[35mCREATE TABLE "schema_migrations" ("version" character varying NOT NULL PRIMARY KEY)[0m
  [1m[36mActiveRecord::SchemaMigration Pluck (1.0ms)[0m  [1m[34mSELECT "schema_migrations"."version" FROM "schema_migrations" ORDER BY "schema_migrations"."version" ASC[0m
  [1m[35m (1.3ms)[0m  [1m[32mINSERT INTO "schema_migrations" (version) VALUES (20230905201656)[0m
  [1m[35m (0.8ms)[0m  [1m[32mINSERT INTO "schema_migrations" (version) VALUES
(20230905201511),
(20230905201633);

[0m
  [1m[35m (4.9ms)[0m  [1m[35mCREATE TABLE "ar_internal_metadata" ("key" character varying NOT NULL PRIMARY KEY, "value" character varying, "created_at" timestamp(6) NOT NULL, "updated_at" timestamp(6) NOT NULL)[0m
  [1m[36mActiveRecord::InternalMetadata Load (0.6ms)[0m  [1m[34mSELECT "ar_internal_metadata".* FROM "ar_internal_metadata" WHERE "ar_internal_metadata"."key" = $1 LIMIT $2[0m  [["key", "environment"], ["LIMIT", 1]]
  [1m[36mTRANSACTION (0.1ms)[0m  [1m[35mBEGIN[0m
  [1m[36mActiveRecord::InternalMetadata Create (0.8ms)[0m  [1m[32mINSERT INTO "ar_internal_metadata" ("key", "value", "created_at", "updated_at") VALUES ($1, $2, $3, $4) RETURNING "key"[0m  [["key", "environment"], ["value", "development"], ["created_at", "2023-09-05 20:37:54.844948"], ["updated_at", "2023-09-05 20:37:54.844948"]]
  [1m[36mTRANSACTION (0.5ms)[0m  [1m[35mCOMMIT[0m
  [1m[36mActiveRecord::InternalMetadata Load (0.4ms)[0m  [1m[34mSELECT "ar_internal_metadata".* FROM "ar_internal_metadata" WHERE "ar_internal_metadata"."key" = $1 LIMIT $2[0m  [["key", "environment"], ["LIMIT", 1]]
  [1m[36mActiveRecord::InternalMetadata Load (0.3ms)[0m  [1m[34mSELECT "ar_internal_metadata".* FROM "ar_internal_metadata" WHERE "ar_internal_metadata"."key" = $1 LIMIT $2[0m  [["key", "schema_sha1"], ["LIMIT", 1]]
  [1m[36mTRANSACTION (0.1ms)[0m  [1m[35mBEGIN[0m
  [1m[36mActiveRecord::InternalMetadata Create (0.4ms)[0m  [1m[32mINSERT INTO "ar_internal_metadata" ("key", "value", "created_at", "updated_at") VALUES ($1, $2, $3, $4) RETURNING "key"[0m  [["key", "schema_sha1"], ["value", "74e4505908200c1a663a82c02c68d91e87cd4354"], ["created_at", "2023-09-05 20:37:54.873183"], ["updated_at", "2023-09-05 20:37:54.873183"]]
  [1m[36mTRANSACTION (0.7ms)[0m  [1m[35mCOMMIT[0m
  [1m[35mSQL (0.7ms)[0m  [1m[35mCREATE EXTENSION IF NOT EXISTS "plpgsql"[0m
  [1m[35m (0.2ms)[0m  [1m[35mDROP TABLE IF EXISTS "fuels" CASCADE[0m
  [1m[35m (10.4ms)[0m  [1m[35mCREATE TABLE "fuels" ("id" bigserial primary key, "fill_date" date, "mileage" integer, "cost_per_gallon" decimal, "location" character varying, "gallons" decimal, "vehicle_id" bigint NOT NULL, "created_at" timestamp(6) NOT NULL, "updated_at" timestamp(6) NOT NULL)[0m
  [1m[35m (2.0ms)[0m  [1m[35mCREATE INDEX "index_fuels_on_vehicle_id" ON "fuels" ("vehicle_id")[0m
  [1m[35m (0.4ms)[0m  [1m[35mDROP TABLE IF EXISTS "users" CASCADE[0m
  [1m[35m (5.3ms)[0m  [1m[35mCREATE TABLE "users" ("id" bigserial primary key, "email" character varying, "name" character varying, "password_digest" character varying, "created_at" timestamp(6) NOT NULL, "updated_at" timestamp(6) NOT NULL)[0m
  [1m[35m (0.7ms)[0m  [1m[35mDROP TABLE IF EXISTS "vehicles" CASCADE[0m
  [1m[35m (6.7ms)[0m  [1m[35mCREATE TABLE "vehicles" ("id" bigserial primary key, "year" integer, "make" character varying, "model" character varying, "created_at" timestamp(6) NOT NULL, "updated_at" timestamp(6) NOT NULL)[0m
  [1m[35m (4.6ms)[0m  [1m[35mALTER TABLE "fuels" ADD CONSTRAINT "fk_rails_a5bf479bf6"
FOREIGN KEY ("vehicle_id")
  REFERENCES "vehicles" ("id")
[0m
  [1m[35m (3.1ms)[0m  [1m[35mCREATE TABLE "schema_migrations" ("version" character varying NOT NULL PRIMARY KEY)[0m
  [1m[36mActiveRecord::SchemaMigration Pluck (0.6ms)[0m  [1m[34mSELECT "schema_migrations"."version" FROM "schema_migrations" ORDER BY "schema_migrations"."version" ASC[0m
  [1m[35m (0.7ms)[0m  [1m[32mINSERT INTO "schema_migrations" (version) VALUES (20230905201656)[0m
  [1m[35m (0.5ms)[0m  [1m[32mINSERT INTO "schema_migrations" (version) VALUES
(20230905201511),
(20230905201633);

[0m
  [1m[35m (7.1ms)[0m  [1m[35mCREATE TABLE "ar_internal_metadata" ("key" character varying NOT NULL PRIMARY KEY, "value" character varying, "created_at" timestamp(6) NOT NULL, "updated_at" timestamp(6) NOT NULL)[0m
  [1m[36mActiveRecord::InternalMetadata Load (0.8ms)[0m  [1m[34mSELECT "ar_internal_metadata".* FROM "ar_internal_metadata" WHERE "ar_internal_metadata"."key" = $1 LIMIT $2[0m  [["key", "environment"], ["LIMIT", 1]]
  [1m[36mTRANSACTION (0.2ms)[0m  [1m[35mBEGIN[0m
  [1m[36mActiveRecord::InternalMetadata Create (0.6ms)[0m  [1m[32mINSERT INTO "ar_internal_metadata" ("key", "value", "created_at", "updated_at") VALUES ($1, $2, $3, $4) RETURNING "key"[0m  [["key", "environment"], ["value", "development"], ["created_at", "2023-09-05 20:37:55.066365"], ["updated_at", "2023-09-05 20:37:55.066365"]]
  [1m[36mTRANSACTION (0.5ms)[0m  [1m[35mCOMMIT[0m
  [1m[36mActiveRecord::InternalMetadata Load (0.4ms)[0m  [1m[34mSELECT "ar_internal_metadata".* FROM "ar_internal_metadata" WHERE "ar_internal_metadata"."key" = $1 LIMIT $2[0m  [["key", "environment"], ["LIMIT", 1]]
  [1m[36mTRANSACTION (0.2ms)[0m  [1m[35mBEGIN[0m
  [1m[36mActiveRecord::InternalMetadata Update (0.6ms)[0m  [1m[33mUPDATE "ar_internal_metadata" SET "value" = $1, "updated_at" = $2 WHERE "ar_internal_metadata"."key" = $3[0m  [["value", "test"], ["updated_at", "2023-09-05 20:37:55.074759"], ["key", "environment"]]
  [1m[36mTRANSACTION (0.5ms)[0m  [1m[35mCOMMIT[0m
  [1m[36mActiveRecord::InternalMetadata Load (0.5ms)[0m  [1m[34mSELECT "ar_internal_metadata".* FROM "ar_internal_metadata" WHERE "ar_internal_metadata"."key" = $1 LIMIT $2[0m  [["key", "schema_sha1"], ["LIMIT", 1]]
  [1m[36mTRANSACTION (0.2ms)[0m  [1m[35mBEGIN[0m
  [1m[36mActiveRecord::InternalMetadata Create (0.5ms)[0m  [1m[32mINSERT INTO "ar_internal_metadata" ("key", "value", "created_at", "updated_at") VALUES ($1, $2, $3, $4) RETURNING "key"[0m  [["key", "schema_sha1"], ["value", "74e4505908200c1a663a82c02c68d91e87cd4354"], ["created_at", "2023-09-05 20:37:55.084752"], ["updated_at", "2023-09-05 20:37:55.084752"]]
  [1m[36mTRANSACTION (0.5ms)[0m  [1m[35mCOMMIT[0m
  [1m[36mActiveRecord::SchemaMigration Pluck (1.3ms)[0m  [1m[34mSELECT "schema_migrations"."version" FROM "schema_migrations" ORDER BY "schema_migrations"."version" ASC[0m
  [1m[36mTRANSACTION (0.2ms)[0m  [1m[35mBEGIN[0m
  [1m[36mVehicle Create (2.3ms)[0m  [1m[32mINSERT INTO "vehicles" ("year", "make", "model", "created_at", "updated_at") VALUES ($1, $2, $3, $4, $5) RETURNING "id"[0m  [["year", 2013], ["make", "Ford"], ["model", "Explorer"], ["created_at", "2023-09-05 20:37:55.173684"], ["updated_at", "2023-09-05 20:37:55.173684"]]
  [1m[36mTRANSACTION (2.3ms)[0m  [1m[35mCOMMIT[0m
  [1m[36mTRANSACTION (0.2ms)[0m  [1m[35mBEGIN[0m
  [1m[36mVehicle Create (0.5ms)[0m  [1m[32mINSERT INTO "vehicles" ("year", "make", "model", "created_at", "updated_at") VALUES ($1, $2, $3, $4, $5) RETURNING "id"[0m  [["year", 2009], ["make", "Saturn"], ["model", "Vue XE"], ["created_at", "2023-09-05 20:37:55.185634"], ["updated_at", "2023-09-05 20:37:55.185634"]]
  [1m[36mTRANSACTION (0.5ms)[0m  [1m[35mCOMMIT[0m
  [1m[36mTRANSACTION (0.2ms)[0m  [1m[35mBEGIN[0m
  [1m[36mVehicle Load (0.4ms)[0m  [1m[34mSELECT "vehicles".* FROM "vehicles" WHERE "vehicles"."id" = $1 LIMIT $2[0m  [["id", 2], ["LIMIT", 1]]
  [1m[36mFuel Create (1.3ms)[0m  [1m[32mINSERT INTO "fuels" ("fill_date", "mileage", "cost_per_gallon", "location", "gallons", "vehicle_id", "created_at", "updated_at") VALUES ($1, $2, $3, $4, $5, $6, $7, $8) RETURNING "id"[0m  [["fill_date", "2023-06-20"], ["mileage", 81000], ["cost_per_gallon", "3.85"], ["location", "RLB Meijer"], ["gallons", "14.78"], ["vehicle_id", 2], ["created_at", "2023-09-05 20:37:55.221069"], ["updated_at", "2023-09-05 20:37:55.221069"]]
  [1m[36mTRANSACTION (0.6ms)[0m  [1m[35mCOMMIT[0m
  [1m[36mTRANSACTION (0.2ms)[0m  [1m[35mBEGIN[0m
  [1m[36mVehicle Load (0.4ms)[0m  [1m[34mSELECT "vehicles".* FROM "vehicles" WHERE "vehicles"."id" = $1 LIMIT $2[0m  [["id", 1], ["LIMIT", 1]]
  [1m[36mFuel Create (1.1ms)[0m  [1m[32mINSERT INTO "fuels" ("fill_date", "mileage", "cost_per_gallon", "location", "gallons", "vehicle_id", "created_at", "updated_at") VALUES ($1, $2, $3, $4, $5, $6, $7, $8) RETURNING "id"[0m  [["fill_date", "2023-06-23"], ["mileage", 156105], ["cost_per_gallon", "3.75"], ["location", "NEX North Chicago"], ["gallons", "10.45"], ["vehicle_id", 1], ["created_at", "2023-09-05 20:37:55.292582"], ["updated_at", "2023-09-05 20:37:55.292582"]]
  [1m[36mTRANSACTION (2.7ms)[0m  [1m[35mCOMMIT[0m
  [1m[36mTRANSACTION (1.2ms)[0m  [1m[35mBEGIN[0m
  [1m[36mVehicle Load (0.3ms)[0m  [1m[34mSELECT "vehicles".* FROM "vehicles" WHERE "vehicles"."id" = $1 LIMIT $2[0m  [["id", 2], ["LIMIT", 1]]
  [1m[36mFuel Create (0.6ms)[0m  [1m[32mINSERT INTO "fuels" ("fill_date", "mileage", "cost_per_gallon", "location", "gallons", "vehicle_id", "created_at", "updated_at") VALUES ($1, $2, $3, $4, $5, $6, $7, $8) RETURNING "id"[0m  [["fill_date", "2023-07-04"], ["mileage", 81206], ["cost_per_gallon", "4.06"], ["location", "RLB Meijer"], ["gallons", "13.74"], ["vehicle_id", 2], ["created_at", "2023-09-05 20:37:55.308642"], ["updated_at", "2023-09-05 20:37:55.308642"]]
  [1m[36mTRANSACTION (0.6ms)[0m  [1m[35mCOMMIT[0m
  [1m[36mTRANSACTION (0.3ms)[0m  [1m[35mBEGIN[0m
  [1m[36mVehicle Load (0.5ms)[0m  [1m[34mSELECT "vehicles".* FROM "vehicles" WHERE "vehicles"."id" = $1 LIMIT $2[0m  [["id", 2], ["LIMIT", 1]]
  [1m[36mFuel Create (0.5ms)[0m  [1m[32mINSERT INTO "fuels" ("fill_date", "mileage", "cost_per_gallon", "location", "gallons", "vehicle_id", "created_at", "updated_at") VALUES ($1, $2, $3, $4, $5, $6, $7, $8) RETURNING "id"[0m  [["fill_date", "2023-07-10"], ["mileage", 81507], ["cost_per_gallon", "3.98"], ["location", "RLB Meijer"], ["gallons", "12.78"], ["vehicle_id", 2], ["created_at", "2023-09-05 20:37:55.319071"], ["updated_at", "2023-09-05 20:37:55.319071"]]
  [1m[36mTRANSACTION (0.6ms)[0m  [1m[35mCOMMIT[0m
  [1m[36mTRANSACTION (0.2ms)[0m  [1m[35mBEGIN[0m
  [1m[36mVehicle Load (0.3ms)[0m  [1m[34mSELECT "vehicles".* FROM "vehicles" WHERE "vehicles"."id" = $1 LIMIT $2[0m  [["id", 1], ["LIMIT", 1]]
  [1m[36mFuel Create (0.6ms)[0m  [1m[32mINSERT INTO "fuels" ("fill_date", "mileage", "cost_per_gallon", "location", "gallons", "vehicle_id", "created_at", "updated_at") VALUES ($1, $2, $3, $4, $5, $6, $7, $8) RETURNING "id"[0m  [["fill_date", "2023-07-19"], ["mileage", 156490], ["cost_per_gallon", "3.78"], ["location", "Shell Rt 83"], ["gallons", "10.56"], ["vehicle_id", 1], ["created_at", "2023-09-05 20:37:55.328536"], ["updated_at", "2023-09-05 20:37:55.328536"]]
  [1m[36mTRANSACTION (0.5ms)[0m  [1m[35mCOMMIT[0m
  [1m[36mTRANSACTION (0.2ms)[0m  [1m[35mBEGIN[0m
  [1m[36mVehicle Load (0.4ms)[0m  [1m[34mSELECT "vehicles".* FROM "vehicles" WHERE "vehicles"."id" = $1 LIMIT $2[0m  [["id", 1], ["LIMIT", 1]]
  [1m[36mFuel Create (1.1ms)[0m  [1m[32mINSERT INTO "fuels" ("fill_date", "mileage", "cost_per_gallon", "location", "gallons", "vehicle_id", "created_at", "updated_at") VALUES ($1, $2, $3, $4, $5, $6, $7, $8) RETURNING "id"[0m  [["fill_date", "2023-07-29"], ["mileage", 156980], ["cost_per_gallon", "4.09"], ["location", "Shell Rt 83"], ["gallons", "12.06"], ["vehicle_id", 1], ["created_at", "2023-09-05 20:37:55.337747"], ["updated_at", "2023-09-05 20:37:55.337747"]]
  [1m[36mTRANSACTION (0.5ms)[0m  [1m[35mCOMMIT[0m
  [1m[36mTRANSACTION (0.2ms)[0m  [1m[35mBEGIN[0m
  [1m[36mUser Create (0.9ms)[0m  [1m[32mINSERT INTO "users" ("email", "name", "password_digest", "created_at", "updated_at") VALUES ($1, $2, $3, $4, $5) RETURNING "id"[0m  [["email", "dan@example.com"], ["name", "Dan Example"], ["password_digest", "[FILTERED]"], ["created_at", "2023-09-05 20:37:55.355809"], ["updated_at", "2023-09-05 20:37:55.355809"]]
  [1m[36mTRANSACTION (0.5ms)[0m  [1m[35mCOMMIT[0m
  [1m[36mTRANSACTION (0.2ms)[0m  [1m[35mBEGIN[0m
  [1m[36mUser Create (0.7ms)[0m  [1m[32mINSERT INTO "users" ("email", "name", "password_digest", "created_at", "updated_at") VALUES ($1, $2, $3, $4, $5) RETURNING "id"[0m  [["email", "mike@example.com"], ["name", "Mike Example"], ["password_digest", "[FILTERED]"], ["created_at", "2023-09-05 20:37:55.361612"], ["updated_at", "2023-09-05 20:37:55.361612"]]
  [1m[36mTRANSACTION (0.6ms)[0m  [1m[35mCOMMIT[0m
Started GET "/" for ::1 at 2023-09-05 15:40:11 -0500
  [1m[36mActiveRecord::SchemaMigration Pluck (1.0ms)[0m  [1m[34mSELECT "schema_migrations"."version" FROM "schema_migrations" ORDER BY "schema_migrations"."version" ASC[0m
Processing by Rails::WelcomeController#index as HTML
  Rendering /Users/dan/.rbenv/versions/3.2.2/lib/ruby/gems/3.2.0/gems/railties-7.0.7.2/lib/rails/templates/rails/welcome/index.html.erb
  Rendered /Users/dan/.rbenv/versions/3.2.2/lib/ruby/gems/3.2.0/gems/railties-7.0.7.2/lib/rails/templates/rails/welcome/index.html.erb (Duration: 1.9ms | Allocations: 272)
Completed 200 OK in 7ms (Views: 4.0ms | ActiveRecord: 0.0ms | Allocations: 904)


  [1m[36mUser Load (1.2ms)[0m  [1m[34mSELECT "users".* FROM "users"[0m
  [1m[36mFuel Load (0.9ms)[0m  [1m[34mSELECT "fuels".* FROM "fuels"[0m
  [1m[36mVehicle Load (0.8ms)[0m  [1m[34mSELECT "vehicles".* FROM "vehicles"[0m
Started GET "/users.json" for ::1 at 2023-09-05 15:50:43 -0500
  
ActionController::RoutingError (No route matches [GET] "/users.json"):
  
Started GET "/users.json" for ::1 at 2023-09-05 15:50:44 -0500
  
ActionController::RoutingError (No route matches [GET] "/users.json"):
  
Started GET "/users.json" for ::1 at 2023-09-05 15:51:17 -0500
  
ActionController::RoutingError (No route matches [GET] "/users.json"):
  
Started GET "/users.json" for ::1 at 2023-09-05 15:51:37 -0500
  
ActionController::RoutingError (uninitialized constant UsersController):
  
Started GET "/users.json" for ::1 at 2023-09-05 15:52:55 -0500
  
ActionController::RoutingError (uninitialized constant UsersController):
  
Started GET "/users.json" for ::1 at 2023-09-05 15:55:24 -0500
Processing by UsersController#index as JSON
  Rendering users/index.json.jbuilder
  Rendered collection of users/_user.json.jbuilder [0 times] (Duration: 0.1ms | Allocations: 42)
  Rendered users/index.json.jbuilder (Duration: 1.7ms | Allocations: 440)
Completed 200 OK in 9ms (Views: 7.5ms | ActiveRecord: 0.0ms | Allocations: 1367)


Started GET "/vehicles.json" for ::1 at 2023-09-05 15:56:00 -0500
  
ActionController::RoutingError (No route matches [GET] "/vehicles.json"):
  
Started GET "/vehicles.json" for ::1 at 2023-09-05 15:56:48 -0500
  
ActionController::RoutingError (No route matches [GET] "/vehicles.json"):
  
Started GET "/vehicles.json" for ::1 at 2023-09-05 15:56:49 -0500
  
ActionController::RoutingError (uninitialized constant VehiclesController):
  
Started GET "/vehicles.json" for ::1 at 2023-09-05 16:03:50 -0500
Processing by VehiclesController#index as JSON
  Rendering vehicles/index.json.jbuilder
  [1m[36mVehicle Load (1.7ms)[0m  [1m[34mSELECT "vehicles".* FROM "vehicles"[0m
  ↳ app/views/vehicles/index.json.jbuilder:1
  Rendered collection of vehicles/_vehicle.json.jbuilder [2 times] (Duration: 1.1ms | Allocations: 1338)
  Rendered vehicles/index.json.jbuilder (Duration: 88.0ms | Allocations: 9878)
Completed 500 Internal Server Error in 92ms (ActiveRecord: 68.8ms | Allocations: 11182)


  
ActionView::Template::Error (undefined method `vehicle_url' for #<ActionView::Base:0x000000000252d8>):
    1: json.extract! vehicle, :id, :created_at, :updated_at
    2: json.url vehicle_url(vehicle, format: :json)
  
app/views/vehicles/_vehicle.json.jbuilder:2
app/views/vehicles/index.json.jbuilder:1
Started GET "/vehicles.json" for ::1 at 2023-09-05 16:04:15 -0500
Processing by VehiclesController#index as JSON
  Rendering vehicles/index.json.jbuilder
  [1m[36mVehicle Load (0.3ms)[0m  [1m[34mSELECT "vehicles".* FROM "vehicles"[0m
  ↳ app/views/vehicles/index.json.jbuilder:1
  Rendered collection of vehicles/_vehicle.json.jbuilder [2 times] (Duration: 0.5ms | Allocations: 129)
  Rendered vehicles/index.json.jbuilder (Duration: 3.1ms | Allocations: 1074)
Completed 200 OK in 8ms (Views: 5.9ms | ActiveRecord: 0.3ms | Allocations: 2068)


Started GET "/vehicles.json" for ::1 at 2023-09-05 16:06:18 -0500
Processing by VehiclesController#index as JSON
  Rendering vehicles/index.json.jbuilder
  [1m[36mVehicle Load (0.2ms)[0m  [1m[34mSELECT "vehicles".* FROM "vehicles"[0m
  ↳ app/views/vehicles/index.json.jbuilder:1
  Rendered collection of vehicles/_vehicle.json.jbuilder [2 times] (Duration: 0.5ms | Allocations: 163)
  Rendered vehicles/index.json.jbuilder (Duration: 3.1ms | Allocations: 1305)
Completed 200 OK in 7ms (Views: 5.5ms | ActiveRecord: 0.2ms | Allocations: 2290)


Started GET "/vehicles.json" for ::1 at 2023-09-05 16:08:05 -0500
Processing by VehiclesController#index as JSON
  Rendering vehicles/index.json.jbuilder
  [1m[36mVehicle Load (0.3ms)[0m  [1m[34mSELECT "vehicles".* FROM "vehicles"[0m
  ↳ app/views/vehicles/index.json.jbuilder:1
  Rendered collection of vehicles/_vehicle.json.jbuilder [2 times] (Duration: 1.1ms | Allocations: 156)
  Rendered vehicles/index.json.jbuilder (Duration: 3.9ms | Allocations: 1221)
Completed 200 OK in 9ms (Views: 8.0ms | ActiveRecord: 0.3ms | Allocations: 2210)


Started GET "/fuels.json" for ::1 at 2023-09-05 16:08:14 -0500
Processing by FuelsController#index as JSON
  Rendering fuels/index.json.jbuilder
  Rendered collection of fuels/_fuel.json.jbuilder [0 times] (Duration: 0.0ms | Allocations: 15)
  Rendered fuels/index.json.jbuilder (Duration: 0.8ms | Allocations: 277)
Completed 200 OK in 3ms (Views: 2.5ms | ActiveRecord: 0.0ms | Allocations: 903)


Started GET "/fuels.json" for ::1 at 2023-09-05 16:08:22 -0500
Processing by FuelsController#index as JSON
  Rendering fuels/index.json.jbuilder
  Rendered collection of fuels/_fuel.json.jbuilder [0 times] (Duration: 0.1ms | Allocations: 15)
  Rendered fuels/index.json.jbuilder (Duration: 0.4ms | Allocations: 121)
Completed 200 OK in 2ms (Views: 1.5ms | ActiveRecord: 0.0ms | Allocations: 420)


Started GET "/fuels.json" for ::1 at 2023-09-05 16:11:45 -0500
Processing by FuelsController#index as JSON
  Rendering fuels/index.json.jbuilder
  [1m[36mFuel Load (24.1ms)[0m  [1m[34mSELECT "fuels".* FROM "fuels"[0m
  ↳ app/views/fuels/index.json.jbuilder:1
  Rendered collection of fuels/_fuel.json.jbuilder [6 times] (Duration: 1.8ms | Allocations: 414)
  Rendered fuels/index.json.jbuilder (Duration: 43.6ms | Allocations: 6543)
Completed 200 OK in 48ms (Views: 16.7ms | ActiveRecord: 27.7ms | Allocations: 8282)


Started GET "/vehicles.json" for ::1 at 2023-09-05 16:12:31 -0500
Processing by VehiclesController#index as JSON
  Rendering vehicles/index.json.jbuilder
  [1m[36mVehicle Load (0.2ms)[0m  [1m[34mSELECT "vehicles".* FROM "vehicles"[0m
  ↳ app/views/vehicles/index.json.jbuilder:1
  Rendered collection of vehicles/_vehicle.json.jbuilder [2 times] (Duration: 0.2ms | Allocations: 92)
  Rendered vehicles/index.json.jbuilder (Duration: 7.2ms | Allocations: 2622)
Completed 200 OK in 10ms (Views: 5.7ms | ActiveRecord: 2.7ms | Allocations: 3523)


Started GET "/users.json" for ::1 at 2023-09-05 16:12:50 -0500
Processing by UsersController#index as JSON
  Rendering users/index.json.jbuilder
  Rendered collection of users/_user.json.jbuilder [0 times] (Duration: 0.1ms | Allocations: 15)
  Rendered users/index.json.jbuilder (Duration: 0.9ms | Allocations: 269)
Completed 200 OK in 3ms (Views: 2.6ms | ActiveRecord: 0.0ms | Allocations: 897)


Started GET "/users.json" for ::1 at 2023-09-05 16:12:53 -0500
Processing by UsersController#index as JSON
  Rendering users/index.json.jbuilder
  Rendered collection of users/_user.json.jbuilder [0 times] (Duration: 0.0ms | Allocations: 15)
  Rendered users/index.json.jbuilder (Duration: 0.3ms | Allocations: 121)
Completed 200 OK in 2ms (Views: 0.9ms | ActiveRecord: 0.0ms | Allocations: 421)


Started GET "/users.json" for ::1 at 2023-09-05 16:13:35 -0500
Processing by UsersController#index as JSON
  Rendering users/index.json.jbuilder
  [1m[36mUser Load (0.4ms)[0m  [1m[34mSELECT "users".* FROM "users"[0m
  ↳ app/views/users/index.json.jbuilder:1
  Rendered collection of users/_user.json.jbuilder [2 times] (Duration: 0.9ms | Allocations: 1254)
  Rendered users/index.json.jbuilder (Duration: 10.5ms | Allocations: 5089)
Completed 500 Internal Server Error in 13ms (ActiveRecord: 3.4ms | Allocations: 6183)


  
ActionView::Template::Error (undefined method `user_url' for #<ActionView::Base:0x0000000002d2f8>):
    1: json.extract! user, :id, :created_at, :updated_at
    2: json.url user_url(user, format: :json)
  
app/views/users/_user.json.jbuilder:2
app/views/users/index.json.jbuilder:1
Started GET "/users.json" for ::1 at 2023-09-05 16:15:08 -0500
Processing by UsersController#index as JSON
  Rendering users/index.json.jbuilder
  [1m[36mUser Load (0.2ms)[0m  [1m[34mSELECT "users".* FROM "users"[0m
  ↳ app/views/users/index.json.jbuilder:1
  Rendered collection of users/_user.json.jbuilder [2 times] (Duration: 1.6ms | Allocations: 1494)
  Rendered users/index.json.jbuilder (Duration: 4.3ms | Allocations: 2416)
Completed 500 Internal Server Error in 10ms (ActiveRecord: 0.2ms | Allocations: 3375)


  
ActionView::Template::Error (undefined method `password' for #<User id: 1, email: "dan@example.com", name: "Dan Example", password_digest: nil, created_at: "2023-09-05 20:37:55.355809000 +0000", updated_at: "2023-09-05 20:37:55.355809000 +0000">):
    1: # json.extract! user, :id, :created_at, :updated_at
    2: # json.url user_url(user, format: :json)
    3: json.extract! user, :id, :email, :name, :password, :vehicle_id, :created_at, :updated_at
  
app/views/users/_user.json.jbuilder:3
app/views/users/index.json.jbuilder:1
Started GET "/users.json" for ::1 at 2023-09-05 16:15:23 -0500
Processing by UsersController#index as JSON
  Rendering users/index.json.jbuilder
  [1m[36mUser Load (0.3ms)[0m  [1m[34mSELECT "users".* FROM "users"[0m
  ↳ app/views/users/index.json.jbuilder:1
  Rendered collection of users/_user.json.jbuilder [2 times] (Duration: 1.2ms | Allocations: 1360)
  Rendered users/index.json.jbuilder (Duration: 3.9ms | Allocations: 2281)
Completed 500 Internal Server Error in 10ms (ActiveRecord: 0.3ms | Allocations: 3241)


  
ActionView::Template::Error (undefined method `password' for #<User id: 1, email: "dan@example.com", name: "Dan Example", password_digest: nil, created_at: "2023-09-05 20:37:55.355809000 +0000", updated_at: "2023-09-05 20:37:55.355809000 +0000">):
    1: # json.extract! user, :id, :created_at, :updated_at
    2: # json.url user_url(user, format: :json)
    3: json.extract! user, :id, :email, :name, :password, :created_at, :updated_at
  
app/views/users/_user.json.jbuilder:3
app/views/users/index.json.jbuilder:1
Started GET "/users.json" for ::1 at 2023-09-05 16:15:36 -0500
Processing by UsersController#index as JSON
  Rendering users/index.json.jbuilder
  [1m[36mUser Load (0.2ms)[0m  [1m[34mSELECT "users".* FROM "users"[0m
  ↳ app/views/users/index.json.jbuilder:1
  Rendered collection of users/_user.json.jbuilder [2 times] (Duration: 0.6ms | Allocations: 1277)
  Rendered users/index.json.jbuilder (Duration: 2.3ms | Allocations: 2018)
Completed 500 Internal Server Error in 3ms (ActiveRecord: 0.2ms | Allocations: 2312)


  
ActionView::Template::Error (undefined method `password' for #<User id: 1, email: "dan@example.com", name: "Dan Example", password_digest: nil, created_at: "2023-09-05 20:37:55.355809000 +0000", updated_at: "2023-09-05 20:37:55.355809000 +0000">):
    1: # json.extract! user, :id, :created_at, :updated_at
    2: # json.url user_url(user, format: :json)
    3: json.extract! user, :id, :email, :name, :password, :created_at, :updated_at
  
app/views/users/_user.json.jbuilder:3
app/views/users/index.json.jbuilder:1
Started GET "/users.json" for ::1 at 2023-09-05 16:17:18 -0500
Processing by UsersController#index as JSON
  Rendering users/index.json.jbuilder
  [1m[36mUser Load (0.3ms)[0m  [1m[34mSELECT "users".* FROM "users"[0m
  ↳ app/views/users/index.json.jbuilder:1
  Rendered collection of users/_user.json.jbuilder [2 times] (Duration: 0.5ms | Allocations: 156)
  Rendered users/index.json.jbuilder (Duration: 2.6ms | Allocations: 1207)
Completed 200 OK in 6ms (Views: 4.7ms | ActiveRecord: 0.3ms | Allocations: 2197)


